{
  "RSpec": {
    "coverage": {
      "/Users/jordanbrooks/Documents/makers/week-challenge/oyster-card/spec/oyster_spec.rb": [
        1,
        null,
        1,
        13,
        null,
        1,
        1,
        null,
        null,
        1,
        1,
        1,
        1,
        null,
        null,
        null,
        1,
        null,
        1,
        1,
        1,
        null,
        null,
        null,
        1,
        1,
        2,
        1,
        null,
        null,
        null,
        null,
        1,
        1,
        2,
        1,
        null,
        null,
        null,
        1,
        2,
        1,
        1,
        1,
        null,
        null,
        null,
        1,
        1,
        2,
        1,
        null,
        null,
        1,
        1,
        2,
        2,
        null,
        null,
        null,
        null,
        1,
        1,
        1,
        2,
        1,
        null,
        null,
        null,
        1,
        1,
        2,
        2,
        null,
        null,
        null,
        null,
        1,
        1,
        2,
        1,
        null,
        null,
        1,
        2,
        1,
        null,
        null,
        null,
        1,
        1,
        1,
        2,
        1,
        null,
        null,
        null,
        null
      ],
      "/Users/jordanbrooks/Documents/makers/week-challenge/oyster-card/lib/oyster_card.rb": [
        1,
        1,
        1,
        1,
        null,
        1,
        13,
        13,
        null,
        null,
        1,
        2,
        1,
        1,
        null,
        null,
        1,
        2,
        1,
        null,
        null,
        1,
        3,
        null,
        null,
        1,
        2,
        null,
        null,
        1,
        1,
        1,
        null,
        null,
        1,
        1,
        null,
        null,
        1,
        1,
        4,
        null,
        null
      ]
    },
    "timestamp": 1522165840
  }
}
